State 56 contains 1 shift/reduce conflict.

Grammar
rule 1    S -> CMDs
rule 2    CMDs -> CMD CMDs
rule 3    CMDs ->		/* empty */
rule 4    CMD -> ATR ';'
rule 5    CMD -> LET DECLVARs ';'
rule 6    CMD -> IF '(' R ')' B
rule 7    B -> '{' CMDs '}'
rule 8    B -> CMD
rule 9    DECLVARs -> DECLVAR ',' DECLVARs
rule 10   DECLVARs -> DECLVAR
rule 11   DECLVAR -> ID '=' R
rule 12   DECLVAR -> ID
rule 13   ATR -> ID '=' ATR
rule 14   ATR -> R
rule 15   R -> E '<' E
rule 16   R -> E '>' E
rule 17   R -> E MAIG E
rule 18   R -> E MEIG E
rule 19   R -> E IG E
rule 20   R -> E DIF E
rule 21   R -> E
rule 22   E -> E '+' T
rule 23   E -> E '-' T
rule 24   E -> T
rule 25   T -> T '*' F
rule 26   T -> T '/' F
rule 27   T -> F
rule 28   F -> ID
rule 29   F -> NUM
rule 30   F -> STR
rule 31   F -> '(' E ')'
rule 32   F -> '{' '}'
rule 33   F -> '[' ']'

Terminals, with rules where they appear

$ (-1)
'(' (40) 6 31
')' (41) 6 31
'*' (42) 25
'+' (43) 22
',' (44) 9
'-' (45) 23
'/' (47) 26
';' (59) 4 5
'<' (60) 15
'=' (61) 11 13
'>' (62) 16
'[' (91) 33
']' (93) 33
'{' (123) 7 32
'}' (125) 7 32
error (256)
NUM (258) 29
ID (259) 11 12 13 28
LET (260) 5
STR (261) 30
IF (262) 6
MAIG (263) 17
MEIG (264) 18
IG (265) 19
DIF (266) 20

Nonterminals, with rules where they appear

S (27)
    on left: 1
CMDs (28)
    on left: 2 3, on right: 1 2 7
CMD (29)
    on left: 4 5 6, on right: 2 8
B (30)
    on left: 7 8, on right: 6
DECLVARs (31)
    on left: 9 10, on right: 5 9
DECLVAR (32)
    on left: 11 12, on right: 9 10
ATR (33)
    on left: 13 14, on right: 4 13
R (34)
    on left: 15 16 17 18 19 20 21, on right: 6 11 14
E (35)
    on left: 22 23 24, on right: 15 16 17 18 19 20 21 22 23 31
T (36)
    on left: 25 26 27, on right: 22 23 24 25 26
F (37)
    on left: 28 29 30 31 32 33, on right: 25 26 27


state 0

    NUM 	shift, and go to state 1
    ID  	shift, and go to state 2
    LET 	shift, and go to state 3
    STR 	shift, and go to state 4
    IF  	shift, and go to state 5
    '(' 	shift, and go to state 6
    '{' 	shift, and go to state 7
    '[' 	shift, and go to state 8

    $default	reduce using rule 3 (CMDs)

    S   	go to state 61
    CMDs	go to state 9
    CMD 	go to state 10
    ATR 	go to state 11
    R   	go to state 12
    E   	go to state 13
    T   	go to state 14
    F   	go to state 15



state 1

    F  ->  NUM .   (rule 29)

    $default	reduce using rule 29 (F)



state 2

    ATR  ->  ID . '=' ATR   (rule 13)
    F  ->  ID .   (rule 28)

    '=' 	shift, and go to state 16

    $default	reduce using rule 28 (F)



state 3

    CMD  ->  LET . DECLVARs ';'   (rule 5)

    ID  	shift, and go to state 17

    DECLVARs	go to state 18
    DECLVAR	go to state 19



state 4

    F  ->  STR .   (rule 30)

    $default	reduce using rule 30 (F)



state 5

    CMD  ->  IF . '(' R ')' B   (rule 6)

    '(' 	shift, and go to state 20



state 6

    F  ->  '(' . E ')'   (rule 31)

    NUM 	shift, and go to state 1
    ID  	shift, and go to state 21
    STR 	shift, and go to state 4
    '(' 	shift, and go to state 6
    '{' 	shift, and go to state 7
    '[' 	shift, and go to state 8

    E   	go to state 22
    T   	go to state 14
    F   	go to state 15



state 7

    F  ->  '{' . '}'   (rule 32)

    '}' 	shift, and go to state 23



state 8

    F  ->  '[' . ']'   (rule 33)

    ']' 	shift, and go to state 24



state 9

    S  ->  CMDs .   (rule 1)

    $default	reduce using rule 1 (S)



state 10

    CMDs  ->  CMD . CMDs   (rule 2)

    NUM 	shift, and go to state 1
    ID  	shift, and go to state 2
    LET 	shift, and go to state 3
    STR 	shift, and go to state 4
    IF  	shift, and go to state 5
    '(' 	shift, and go to state 6
    '{' 	shift, and go to state 7
    '[' 	shift, and go to state 8

    $default	reduce using rule 3 (CMDs)

    CMDs	go to state 25
    CMD 	go to state 10
    ATR 	go to state 11
    R   	go to state 12
    E   	go to state 13
    T   	go to state 14
    F   	go to state 15



state 11

    CMD  ->  ATR . ';'   (rule 4)

    ';' 	shift, and go to state 26



state 12

    ATR  ->  R .   (rule 14)

    $default	reduce using rule 14 (ATR)



state 13

    R  ->  E . '<' E   (rule 15)
    R  ->  E . '>' E   (rule 16)
    R  ->  E . MAIG E   (rule 17)
    R  ->  E . MEIG E   (rule 18)
    R  ->  E . IG E   (rule 19)
    R  ->  E . DIF E   (rule 20)
    R  ->  E .   (rule 21)
    E  ->  E . '+' T   (rule 22)
    E  ->  E . '-' T   (rule 23)

    MAIG	shift, and go to state 27
    MEIG	shift, and go to state 28
    IG  	shift, and go to state 29
    DIF 	shift, and go to state 30
    '<' 	shift, and go to state 31
    '>' 	shift, and go to state 32
    '+' 	shift, and go to state 33
    '-' 	shift, and go to state 34

    $default	reduce using rule 21 (R)



state 14

    E  ->  T .   (rule 24)
    T  ->  T . '*' F   (rule 25)
    T  ->  T . '/' F   (rule 26)

    '*' 	shift, and go to state 35
    '/' 	shift, and go to state 36

    $default	reduce using rule 24 (E)



state 15

    T  ->  F .   (rule 27)

    $default	reduce using rule 27 (T)



state 16

    ATR  ->  ID '=' . ATR   (rule 13)

    NUM 	shift, and go to state 1
    ID  	shift, and go to state 2
    STR 	shift, and go to state 4
    '(' 	shift, and go to state 6
    '{' 	shift, and go to state 7
    '[' 	shift, and go to state 8

    ATR 	go to state 37
    R   	go to state 12
    E   	go to state 13
    T   	go to state 14
    F   	go to state 15



state 17

    DECLVAR  ->  ID . '=' R   (rule 11)
    DECLVAR  ->  ID .   (rule 12)

    '=' 	shift, and go to state 38

    $default	reduce using rule 12 (DECLVAR)



state 18

    CMD  ->  LET DECLVARs . ';'   (rule 5)

    ';' 	shift, and go to state 39



state 19

    DECLVARs  ->  DECLVAR . ',' DECLVARs   (rule 9)
    DECLVARs  ->  DECLVAR .   (rule 10)

    ',' 	shift, and go to state 40

    $default	reduce using rule 10 (DECLVARs)



state 20

    CMD  ->  IF '(' . R ')' B   (rule 6)

    NUM 	shift, and go to state 1
    ID  	shift, and go to state 21
    STR 	shift, and go to state 4
    '(' 	shift, and go to state 6
    '{' 	shift, and go to state 7
    '[' 	shift, and go to state 8

    R   	go to state 41
    E   	go to state 13
    T   	go to state 14
    F   	go to state 15



state 21

    F  ->  ID .   (rule 28)

    $default	reduce using rule 28 (F)



state 22

    E  ->  E . '+' T   (rule 22)
    E  ->  E . '-' T   (rule 23)
    F  ->  '(' E . ')'   (rule 31)

    ')' 	shift, and go to state 42
    '+' 	shift, and go to state 33
    '-' 	shift, and go to state 34



state 23

    F  ->  '{' '}' .   (rule 32)

    $default	reduce using rule 32 (F)



state 24

    F  ->  '[' ']' .   (rule 33)

    $default	reduce using rule 33 (F)



state 25

    CMDs  ->  CMD CMDs .   (rule 2)

    $default	reduce using rule 2 (CMDs)



state 26

    CMD  ->  ATR ';' .   (rule 4)

    $default	reduce using rule 4 (CMD)



state 27

    R  ->  E MAIG . E   (rule 17)

    NUM 	shift, and go to state 1
    ID  	shift, and go to state 21
    STR 	shift, and go to state 4
    '(' 	shift, and go to state 6
    '{' 	shift, and go to state 7
    '[' 	shift, and go to state 8

    E   	go to state 43
    T   	go to state 14
    F   	go to state 15



state 28

    R  ->  E MEIG . E   (rule 18)

    NUM 	shift, and go to state 1
    ID  	shift, and go to state 21
    STR 	shift, and go to state 4
    '(' 	shift, and go to state 6
    '{' 	shift, and go to state 7
    '[' 	shift, and go to state 8

    E   	go to state 44
    T   	go to state 14
    F   	go to state 15



state 29

    R  ->  E IG . E   (rule 19)

    NUM 	shift, and go to state 1
    ID  	shift, and go to state 21
    STR 	shift, and go to state 4
    '(' 	shift, and go to state 6
    '{' 	shift, and go to state 7
    '[' 	shift, and go to state 8

    E   	go to state 45
    T   	go to state 14
    F   	go to state 15



state 30

    R  ->  E DIF . E   (rule 20)

    NUM 	shift, and go to state 1
    ID  	shift, and go to state 21
    STR 	shift, and go to state 4
    '(' 	shift, and go to state 6
    '{' 	shift, and go to state 7
    '[' 	shift, and go to state 8

    E   	go to state 46
    T   	go to state 14
    F   	go to state 15



state 31

    R  ->  E '<' . E   (rule 15)

    NUM 	shift, and go to state 1
    ID  	shift, and go to state 21
    STR 	shift, and go to state 4
    '(' 	shift, and go to state 6
    '{' 	shift, and go to state 7
    '[' 	shift, and go to state 8

    E   	go to state 47
    T   	go to state 14
    F   	go to state 15



state 32

    R  ->  E '>' . E   (rule 16)

    NUM 	shift, and go to state 1
    ID  	shift, and go to state 21
    STR 	shift, and go to state 4
    '(' 	shift, and go to state 6
    '{' 	shift, and go to state 7
    '[' 	shift, and go to state 8

    E   	go to state 48
    T   	go to state 14
    F   	go to state 15



state 33

    E  ->  E '+' . T   (rule 22)

    NUM 	shift, and go to state 1
    ID  	shift, and go to state 21
    STR 	shift, and go to state 4
    '(' 	shift, and go to state 6
    '{' 	shift, and go to state 7
    '[' 	shift, and go to state 8

    T   	go to state 49
    F   	go to state 15



state 34

    E  ->  E '-' . T   (rule 23)

    NUM 	shift, and go to state 1
    ID  	shift, and go to state 21
    STR 	shift, and go to state 4
    '(' 	shift, and go to state 6
    '{' 	shift, and go to state 7
    '[' 	shift, and go to state 8

    T   	go to state 50
    F   	go to state 15



state 35

    T  ->  T '*' . F   (rule 25)

    NUM 	shift, and go to state 1
    ID  	shift, and go to state 21
    STR 	shift, and go to state 4
    '(' 	shift, and go to state 6
    '{' 	shift, and go to state 7
    '[' 	shift, and go to state 8

    F   	go to state 51



state 36

    T  ->  T '/' . F   (rule 26)

    NUM 	shift, and go to state 1
    ID  	shift, and go to state 21
    STR 	shift, and go to state 4
    '(' 	shift, and go to state 6
    '{' 	shift, and go to state 7
    '[' 	shift, and go to state 8

    F   	go to state 52



state 37

    ATR  ->  ID '=' ATR .   (rule 13)

    $default	reduce using rule 13 (ATR)



state 38

    DECLVAR  ->  ID '=' . R   (rule 11)

    NUM 	shift, and go to state 1
    ID  	shift, and go to state 21
    STR 	shift, and go to state 4
    '(' 	shift, and go to state 6
    '{' 	shift, and go to state 7
    '[' 	shift, and go to state 8

    R   	go to state 53
    E   	go to state 13
    T   	go to state 14
    F   	go to state 15



state 39

    CMD  ->  LET DECLVARs ';' .   (rule 5)

    $default	reduce using rule 5 (CMD)



state 40

    DECLVARs  ->  DECLVAR ',' . DECLVARs   (rule 9)

    ID  	shift, and go to state 17

    DECLVARs	go to state 54
    DECLVAR	go to state 19



state 41

    CMD  ->  IF '(' R . ')' B   (rule 6)

    ')' 	shift, and go to state 55



state 42

    F  ->  '(' E ')' .   (rule 31)

    $default	reduce using rule 31 (F)



state 43

    R  ->  E MAIG E .   (rule 17)
    E  ->  E . '+' T   (rule 22)
    E  ->  E . '-' T   (rule 23)

    '+' 	shift, and go to state 33
    '-' 	shift, and go to state 34

    $default	reduce using rule 17 (R)



state 44

    R  ->  E MEIG E .   (rule 18)
    E  ->  E . '+' T   (rule 22)
    E  ->  E . '-' T   (rule 23)

    '+' 	shift, and go to state 33
    '-' 	shift, and go to state 34

    $default	reduce using rule 18 (R)



state 45

    R  ->  E IG E .   (rule 19)
    E  ->  E . '+' T   (rule 22)
    E  ->  E . '-' T   (rule 23)

    '+' 	shift, and go to state 33
    '-' 	shift, and go to state 34

    $default	reduce using rule 19 (R)



state 46

    R  ->  E DIF E .   (rule 20)
    E  ->  E . '+' T   (rule 22)
    E  ->  E . '-' T   (rule 23)

    '+' 	shift, and go to state 33
    '-' 	shift, and go to state 34

    $default	reduce using rule 20 (R)



state 47

    R  ->  E '<' E .   (rule 15)
    E  ->  E . '+' T   (rule 22)
    E  ->  E . '-' T   (rule 23)

    '+' 	shift, and go to state 33
    '-' 	shift, and go to state 34

    $default	reduce using rule 15 (R)



state 48

    R  ->  E '>' E .   (rule 16)
    E  ->  E . '+' T   (rule 22)
    E  ->  E . '-' T   (rule 23)

    '+' 	shift, and go to state 33
    '-' 	shift, and go to state 34

    $default	reduce using rule 16 (R)



state 49

    E  ->  E '+' T .   (rule 22)
    T  ->  T . '*' F   (rule 25)
    T  ->  T . '/' F   (rule 26)

    '*' 	shift, and go to state 35
    '/' 	shift, and go to state 36

    $default	reduce using rule 22 (E)



state 50

    E  ->  E '-' T .   (rule 23)
    T  ->  T . '*' F   (rule 25)
    T  ->  T . '/' F   (rule 26)

    '*' 	shift, and go to state 35
    '/' 	shift, and go to state 36

    $default	reduce using rule 23 (E)



state 51

    T  ->  T '*' F .   (rule 25)

    $default	reduce using rule 25 (T)



state 52

    T  ->  T '/' F .   (rule 26)

    $default	reduce using rule 26 (T)



state 53

    DECLVAR  ->  ID '=' R .   (rule 11)

    $default	reduce using rule 11 (DECLVAR)



state 54

    DECLVARs  ->  DECLVAR ',' DECLVARs .   (rule 9)

    $default	reduce using rule 9 (DECLVARs)



state 55

    CMD  ->  IF '(' R ')' . B   (rule 6)

    NUM 	shift, and go to state 1
    ID  	shift, and go to state 2
    LET 	shift, and go to state 3
    STR 	shift, and go to state 4
    IF  	shift, and go to state 5
    '(' 	shift, and go to state 6
    '{' 	shift, and go to state 56
    '[' 	shift, and go to state 8

    CMD 	go to state 57
    B   	go to state 58
    ATR 	go to state 11
    R   	go to state 12
    E   	go to state 13
    T   	go to state 14
    F   	go to state 15



state 56

    B  ->  '{' . CMDs '}'   (rule 7)
    F  ->  '{' . '}'   (rule 32)

    NUM 	shift, and go to state 1
    ID  	shift, and go to state 2
    LET 	shift, and go to state 3
    STR 	shift, and go to state 4
    IF  	shift, and go to state 5
    '(' 	shift, and go to state 6
    '{' 	shift, and go to state 7
    '}' 	shift, and go to state 23
    '[' 	shift, and go to state 8

    '}' 	[reduce using rule 3 (CMDs)]
    $default	reduce using rule 3 (CMDs)

    CMDs	go to state 59
    CMD 	go to state 10
    ATR 	go to state 11
    R   	go to state 12
    E   	go to state 13
    T   	go to state 14
    F   	go to state 15



state 57

    B  ->  CMD .   (rule 8)

    $default	reduce using rule 8 (B)



state 58

    CMD  ->  IF '(' R ')' B .   (rule 6)

    $default	reduce using rule 6 (CMD)



state 59

    B  ->  '{' CMDs . '}'   (rule 7)

    '}' 	shift, and go to state 60



state 60

    B  ->  '{' CMDs '}' .   (rule 7)

    $default	reduce using rule 7 (B)



state 61

    $   	go to state 62



state 62

    $   	go to state 63



state 63

    $default	accept
