State 106 contains 1 shift/reduce conflict.
State 141 contains 1 shift/reduce conflict.
State 143 contains 2 shift/reduce conflicts.
State 144 contains 2 reduce/reduce conflicts.
State 169 contains 2 shift/reduce conflicts.

Grammar
rule 1    S -> CMDs
rule 2    CMDs -> CMD CMDs
rule 3    CMDs ->		/* empty */
rule 4    CMD -> ATR ';'
rule 5    CMD -> LET DECLVARs ';'
rule 6    CMD -> IF '(' R ')' B C
rule 7    CMD -> WHILE '(' R ')' B
rule 8    CMD -> FOR '(' CMD R ';' ATR ')' B
rule 9    CMD -> E ASM ';'
rule 10   CMD -> FUNCTION ID '(' FUNC_DECL_PARAMs ')' B
rule 11   CMD -> RETURN ATR ';'
rule 12   FUNC_DECL_PARAMs -> ID ',' FUNC_DECL_PARAMs
rule 13   FUNC_DECL_PARAMs -> ID
rule 14   FUNC_DECL_PARAMs -> ID '=' ATR
rule 15   FUNC_DECL_PARAMs -> ID '=' ATR ',' FUNC_DECL_PARAMs
rule 16   FUNC_DECL_PARAMs ->		/* empty */
rule 17   B -> '{' CMDs '}'
rule 18   B -> CMD
rule 19   B -> B_VAZIO
rule 20   C -> ELSE_IF '(' R ')' B C
rule 21   C -> ELSE B
rule 22   C ->		/* empty */
rule 23   DECLVARs -> DECLVAR ',' DECLVARs
rule 24   DECLVARs -> DECLVAR
rule 25   DECLVAR -> ID '=' ATR
rule 26   DECLVAR -> ID
rule 27   FUNC -> ID '(' FUNC_PARAMs ')'
rule 28   FUNC -> PROP '(' FUNC_PARAMs ')'
rule 29   FUNC_PARAMs -> ATR ',' FUNC_PARAMs
rule 30   FUNC_PARAMs -> ATR
rule 31   FUNC_PARAMs ->		/* empty */
rule 32   PROP -> PROP_NAME '[' ATR ']'
rule 33   PROP -> PROP_NAME '.' ID
rule 34   PROP_NAME -> ID
rule 35   PROP_NAME -> PROP
rule 36   SETA_FUNC -> SETA_FUNC_PARAMs SETA B_SETA
rule 37   SETA_FUNC_PARAMs -> ABRE_PAR_SETA SETA_PARAMs ')'
rule 38   SETA_FUNC_PARAMs -> ID
rule 39   SETA_FUNC_PARAMs -> '(' ')'
rule 40   SETA_PARAMs -> SETA_PARAMs ',' ID
rule 41   SETA_PARAMs -> ID
rule 42   B_SETA -> '{' CMDs '}'
rule 43   B_SETA -> ATR
rule 44   ATR -> ID '=' ATR
rule 45   ATR -> PROP '=' ATR
rule 46   ATR -> SETA_FUNC
rule 47   ATR -> FUNCTION_RETURN
rule 48   ATR -> R
rule 49   R -> E '<' E
rule 50   R -> E '>' E
rule 51   R -> E MAIG E
rule 52   R -> E MEIG E
rule 53   R -> E IG E
rule 54   R -> E DIF E
rule 55   R -> E
rule 56   E -> E '+' M
rule 57   E -> E '-' M
rule 58   E -> M
rule 59   M -> M '%' T
rule 60   M -> T
rule 61   T -> T '*' F
rule 62   T -> T '/' F
rule 63   T -> F
rule 64   R_NUM -> '-' NUM
rule 65   R_NUM -> NUM
rule 66   F -> ID
rule 67   F -> PROP
rule 68   F -> FUNC
rule 69   F -> R_NUM
rule 70   F -> STR
rule 71   F -> '(' ATR ')'
rule 72   F -> B_VAZIO
rule 73   F -> '[' ']'
rule 74   F -> ARRAY
rule 75   F -> OBJ
rule 76   F -> TRUE
rule 77   F -> FALSE
rule 78   ARRAY -> '[' ARRAY_N ']'
rule 79   ARRAY_N -> ARRAY_N ',' ATR
rule 80   ARRAY_N -> ATR
rule 81   OBJ -> '{' OBJ_DECL '}'
rule 82   OBJ_DECL -> OBJ_DECL ',' ID ':' ATR
rule 83   OBJ_DECL -> ID ':' ATR
rule 84   B_VAZIO -> '{' '}'
rule 85   FUNCTION_RETURN -> FUNCTION '(' FUNC_DECL_PARAMs ')' B

Terminals, with rules where they appear

$ (-1)
'%' (37) 59
'(' (40) 6 7 8 10 20 27 28 39 71 85
')' (41) 6 7 8 10 20 27 28 37 39 71 85
'*' (42) 61
'+' (43) 56
',' (44) 12 15 23 29 40 79 82
'-' (45) 57 64
'.' (46) 33
'/' (47) 62
':' (58) 82 83
';' (59) 4 5 8 9 11
'<' (60) 49
'=' (61) 14 15 25 44 45
'>' (62) 50
'[' (91) 32 73 78
']' (93) 32 73 78
'{' (123) 17 42 81 84
'}' (125) 17 42 81 84
error (256)
NUM (258) 64 65
ID (259) 10 12 13 14 15 25 26 27 33 34 38 40 41 44 66 82 83
LET (260) 5
STR (261) 70
IF (262) 6
WHILE (263) 7
FOR (264) 8
ELSE (265) 21
ELSE_IF (266) 20
MAIG (267) 51
MEIG (268) 52
IG (269) 53
DIF (270) 54
ASM (271) 9
FUNCTION (272) 10 85
RETURN (273) 11
SETA (274) 36
TRUE (275) 76
FALSE (276) 77
ABRE_PAR_SETA (277) 37

Nonterminals, with rules where they appear

S (41)
    on left: 1
CMDs (42)
    on left: 2 3, on right: 1 2 17 42
CMD (43)
    on left: 4 5 6 7 8 9 10 11, on right: 2 8 18
FUNC_DECL_PARAMs (44)
    on left: 12 13 14 15 16, on right: 10 12 15 85
B (45)
    on left: 17 18 19, on right: 6 7 8 10 20 21 85
C (46)
    on left: 20 21 22, on right: 6 20
DECLVARs (47)
    on left: 23 24, on right: 5 23
DECLVAR (48)
    on left: 25 26, on right: 23 24
FUNC (49)
    on left: 27 28, on right: 68
FUNC_PARAMs (50)
    on left: 29 30 31, on right: 27 28 29
PROP (51)
    on left: 32 33, on right: 28 35 45 67
PROP_NAME (52)
    on left: 34 35, on right: 32 33
SETA_FUNC (53)
    on left: 36, on right: 46
SETA_FUNC_PARAMs (54)
    on left: 37 38 39, on right: 36
SETA_PARAMs (55)
    on left: 40 41, on right: 37 40
B_SETA (56)
    on left: 42 43, on right: 36
ATR (57)
    on left: 44 45 46 47 48, on right: 4 8 11 14 15 25 29 30 32 43
    44 45 71 79 80 82 83
R (58)
    on left: 49 50 51 52 53 54 55, on right: 6 7 8 20 48
E (59)
    on left: 56 57 58, on right: 9 49 50 51 52 53 54 55 56 57
M (60)
    on left: 59 60, on right: 56 57 58 59
T (61)
    on left: 61 62 63, on right: 59 60 61 62
R_NUM (62)
    on left: 64 65, on right: 69
F (63)
    on left: 66 67 68 69 70 71 72 73 74 75 76 77, on right: 61 62 63
ARRAY (64)
    on left: 78, on right: 74
ARRAY_N (65)
    on left: 79 80, on right: 78 79
OBJ (66)
    on left: 81, on right: 75
OBJ_DECL (67)
    on left: 82 83, on right: 81 82
B_VAZIO (68)
    on left: 84, on right: 19 72
FUNCTION_RETURN (69)
    on left: 85, on right: 47


state 0

    NUM 	shift, and go to state 1
    ID  	shift, and go to state 2
    LET 	shift, and go to state 3
    STR 	shift, and go to state 4
    IF  	shift, and go to state 5
    WHILE	shift, and go to state 6
    FOR 	shift, and go to state 7
    FUNCTION	shift, and go to state 8
    RETURN	shift, and go to state 9
    TRUE	shift, and go to state 10
    FALSE	shift, and go to state 11
    ABRE_PAR_SETA	shift, and go to state 12
    '(' 	shift, and go to state 13
    '{' 	shift, and go to state 14
    '[' 	shift, and go to state 15
    '-' 	shift, and go to state 16

    $default	reduce using rule 3 (CMDs)

    S   	go to state 171
    CMDs	go to state 17
    CMD 	go to state 18
    FUNC	go to state 19
    PROP	go to state 20
    PROP_NAME	go to state 21
    SETA_FUNC	go to state 22
    SETA_FUNC_PARAMs	go to state 23
    ATR 	go to state 24
    R   	go to state 25
    E   	go to state 26
    M   	go to state 27
    T   	go to state 28
    R_NUM	go to state 29
    F   	go to state 30
    ARRAY	go to state 31
    OBJ 	go to state 32
    B_VAZIO	go to state 33
    FUNCTION_RETURN	go to state 34



state 1

    R_NUM  ->  NUM .   (rule 65)

    $default	reduce using rule 65 (R_NUM)



state 2

    FUNC  ->  ID . '(' FUNC_PARAMs ')'   (rule 27)
    PROP_NAME  ->  ID .   (rule 34)
    SETA_FUNC_PARAMs  ->  ID .   (rule 38)
    ATR  ->  ID . '=' ATR   (rule 44)
    F  ->  ID .   (rule 66)

    '(' 	shift, and go to state 35
    '=' 	shift, and go to state 36

    SETA	reduce using rule 38 (SETA_FUNC_PARAMs)
    '[' 	reduce using rule 34 (PROP_NAME)
    $default	reduce using rule 66 (F)



state 3

    CMD  ->  LET . DECLVARs ';'   (rule 5)

    ID  	shift, and go to state 37

    DECLVARs	go to state 38
    DECLVAR	go to state 39



state 4

    F  ->  STR .   (rule 70)

    $default	reduce using rule 70 (F)



state 5

    CMD  ->  IF . '(' R ')' B C   (rule 6)

    '(' 	shift, and go to state 40



state 6

    CMD  ->  WHILE . '(' R ')' B   (rule 7)

    '(' 	shift, and go to state 41



state 7

    CMD  ->  FOR . '(' CMD R ';' ATR ')' B   (rule 8)

    '(' 	shift, and go to state 42



state 8

    CMD  ->  FUNCTION . ID '(' FUNC_DECL_PARAMs ')' B   (rule 10)
    FUNCTION_RETURN  ->  FUNCTION . '(' FUNC_DECL_PARAMs ')' B   (rule 85)

    ID  	shift, and go to state 43
    '(' 	shift, and go to state 44



state 9

    CMD  ->  RETURN . ATR ';'   (rule 11)

    NUM 	shift, and go to state 1
    ID  	shift, and go to state 2
    STR 	shift, and go to state 4
    FUNCTION	shift, and go to state 45
    TRUE	shift, and go to state 10
    FALSE	shift, and go to state 11
    ABRE_PAR_SETA	shift, and go to state 12
    '(' 	shift, and go to state 13
    '{' 	shift, and go to state 14
    '[' 	shift, and go to state 15
    '-' 	shift, and go to state 16

    FUNC	go to state 19
    PROP	go to state 20
    PROP_NAME	go to state 21
    SETA_FUNC	go to state 22
    SETA_FUNC_PARAMs	go to state 23
    ATR 	go to state 46
    R   	go to state 25
    E   	go to state 47
    M   	go to state 27
    T   	go to state 28
    R_NUM	go to state 29
    F   	go to state 30
    ARRAY	go to state 31
    OBJ 	go to state 32
    B_VAZIO	go to state 33
    FUNCTION_RETURN	go to state 34



state 10

    F  ->  TRUE .   (rule 76)

    $default	reduce using rule 76 (F)



state 11

    F  ->  FALSE .   (rule 77)

    $default	reduce using rule 77 (F)



state 12

    SETA_FUNC_PARAMs  ->  ABRE_PAR_SETA . SETA_PARAMs ')'   (rule 37)

    ID  	shift, and go to state 48

    SETA_PARAMs	go to state 49



state 13

    SETA_FUNC_PARAMs  ->  '(' . ')'   (rule 39)
    F  ->  '(' . ATR ')'   (rule 71)

    NUM 	shift, and go to state 1
    ID  	shift, and go to state 2
    STR 	shift, and go to state 4
    FUNCTION	shift, and go to state 45
    TRUE	shift, and go to state 10
    FALSE	shift, and go to state 11
    ABRE_PAR_SETA	shift, and go to state 12
    '(' 	shift, and go to state 13
    ')' 	shift, and go to state 50
    '{' 	shift, and go to state 14
    '[' 	shift, and go to state 15
    '-' 	shift, and go to state 16

    FUNC	go to state 19
    PROP	go to state 20
    PROP_NAME	go to state 21
    SETA_FUNC	go to state 22
    SETA_FUNC_PARAMs	go to state 23
    ATR 	go to state 51
    R   	go to state 25
    E   	go to state 47
    M   	go to state 27
    T   	go to state 28
    R_NUM	go to state 29
    F   	go to state 30
    ARRAY	go to state 31
    OBJ 	go to state 32
    B_VAZIO	go to state 33
    FUNCTION_RETURN	go to state 34



state 14

    OBJ  ->  '{' . OBJ_DECL '}'   (rule 81)
    B_VAZIO  ->  '{' . '}'   (rule 84)

    ID  	shift, and go to state 52
    '}' 	shift, and go to state 53

    OBJ_DECL	go to state 54



state 15

    F  ->  '[' . ']'   (rule 73)
    ARRAY  ->  '[' . ARRAY_N ']'   (rule 78)

    NUM 	shift, and go to state 1
    ID  	shift, and go to state 2
    STR 	shift, and go to state 4
    FUNCTION	shift, and go to state 45
    TRUE	shift, and go to state 10
    FALSE	shift, and go to state 11
    ABRE_PAR_SETA	shift, and go to state 12
    '(' 	shift, and go to state 13
    '{' 	shift, and go to state 14
    '[' 	shift, and go to state 15
    ']' 	shift, and go to state 55
    '-' 	shift, and go to state 16

    FUNC	go to state 19
    PROP	go to state 20
    PROP_NAME	go to state 21
    SETA_FUNC	go to state 22
    SETA_FUNC_PARAMs	go to state 23
    ATR 	go to state 56
    R   	go to state 25
    E   	go to state 47
    M   	go to state 27
    T   	go to state 28
    R_NUM	go to state 29
    F   	go to state 30
    ARRAY	go to state 31
    ARRAY_N	go to state 57
    OBJ 	go to state 32
    B_VAZIO	go to state 33
    FUNCTION_RETURN	go to state 34



state 16

    R_NUM  ->  '-' . NUM   (rule 64)

    NUM 	shift, and go to state 58



state 17

    S  ->  CMDs .   (rule 1)

    $default	reduce using rule 1 (S)



state 18

    CMDs  ->  CMD . CMDs   (rule 2)

    NUM 	shift, and go to state 1
    ID  	shift, and go to state 2
    LET 	shift, and go to state 3
    STR 	shift, and go to state 4
    IF  	shift, and go to state 5
    WHILE	shift, and go to state 6
    FOR 	shift, and go to state 7
    FUNCTION	shift, and go to state 8
    RETURN	shift, and go to state 9
    TRUE	shift, and go to state 10
    FALSE	shift, and go to state 11
    ABRE_PAR_SETA	shift, and go to state 12
    '(' 	shift, and go to state 13
    '{' 	shift, and go to state 14
    '[' 	shift, and go to state 15
    '-' 	shift, and go to state 16

    $default	reduce using rule 3 (CMDs)

    CMDs	go to state 59
    CMD 	go to state 18
    FUNC	go to state 19
    PROP	go to state 20
    PROP_NAME	go to state 21
    SETA_FUNC	go to state 22
    SETA_FUNC_PARAMs	go to state 23
    ATR 	go to state 24
    R   	go to state 25
    E   	go to state 26
    M   	go to state 27
    T   	go to state 28
    R_NUM	go to state 29
    F   	go to state 30
    ARRAY	go to state 31
    OBJ 	go to state 32
    B_VAZIO	go to state 33
    FUNCTION_RETURN	go to state 34



state 19

    F  ->  FUNC .   (rule 68)

    $default	reduce using rule 68 (F)



state 20

    FUNC  ->  PROP . '(' FUNC_PARAMs ')'   (rule 28)
    PROP_NAME  ->  PROP .   (rule 35)
    ATR  ->  PROP . '=' ATR   (rule 45)
    F  ->  PROP .   (rule 67)

    '(' 	shift, and go to state 60
    '=' 	shift, and go to state 61

    '[' 	reduce using rule 35 (PROP_NAME)
    $default	reduce using rule 67 (F)



state 21

    PROP  ->  PROP_NAME . '[' ATR ']'   (rule 32)
    PROP  ->  PROP_NAME . '.' ID   (rule 33)

    '[' 	shift, and go to state 62
    '.' 	shift, and go to state 63



state 22

    ATR  ->  SETA_FUNC .   (rule 46)

    $default	reduce using rule 46 (ATR)



state 23

    SETA_FUNC  ->  SETA_FUNC_PARAMs . SETA B_SETA   (rule 36)

    SETA	shift, and go to state 64



state 24

    CMD  ->  ATR . ';'   (rule 4)

    ';' 	shift, and go to state 65



state 25

    ATR  ->  R .   (rule 48)

    $default	reduce using rule 48 (ATR)



state 26

    CMD  ->  E . ASM ';'   (rule 9)
    R  ->  E . '<' E   (rule 49)
    R  ->  E . '>' E   (rule 50)
    R  ->  E . MAIG E   (rule 51)
    R  ->  E . MEIG E   (rule 52)
    R  ->  E . IG E   (rule 53)
    R  ->  E . DIF E   (rule 54)
    R  ->  E .   (rule 55)
    E  ->  E . '+' M   (rule 56)
    E  ->  E . '-' M   (rule 57)

    MAIG	shift, and go to state 66
    MEIG	shift, and go to state 67
    IG  	shift, and go to state 68
    DIF 	shift, and go to state 69
    ASM 	shift, and go to state 70
    '<' 	shift, and go to state 71
    '>' 	shift, and go to state 72
    '+' 	shift, and go to state 73
    '-' 	shift, and go to state 74

    $default	reduce using rule 55 (R)



state 27

    E  ->  M .   (rule 58)
    M  ->  M . '%' T   (rule 59)

    '%' 	shift, and go to state 75

    $default	reduce using rule 58 (E)



state 28

    M  ->  T .   (rule 60)
    T  ->  T . '*' F   (rule 61)
    T  ->  T . '/' F   (rule 62)

    '*' 	shift, and go to state 76
    '/' 	shift, and go to state 77

    $default	reduce using rule 60 (M)



state 29

    F  ->  R_NUM .   (rule 69)

    $default	reduce using rule 69 (F)



state 30

    T  ->  F .   (rule 63)

    $default	reduce using rule 63 (T)



state 31

    F  ->  ARRAY .   (rule 74)

    $default	reduce using rule 74 (F)



state 32

    F  ->  OBJ .   (rule 75)

    $default	reduce using rule 75 (F)



state 33

    F  ->  B_VAZIO .   (rule 72)

    $default	reduce using rule 72 (F)



state 34

    ATR  ->  FUNCTION_RETURN .   (rule 47)

    $default	reduce using rule 47 (ATR)



state 35

    FUNC  ->  ID '(' . FUNC_PARAMs ')'   (rule 27)

    NUM 	shift, and go to state 1
    ID  	shift, and go to state 2
    STR 	shift, and go to state 4
    FUNCTION	shift, and go to state 45
    TRUE	shift, and go to state 10
    FALSE	shift, and go to state 11
    ABRE_PAR_SETA	shift, and go to state 12
    '(' 	shift, and go to state 13
    '{' 	shift, and go to state 14
    '[' 	shift, and go to state 15
    '-' 	shift, and go to state 16

    $default	reduce using rule 31 (FUNC_PARAMs)

    FUNC	go to state 19
    FUNC_PARAMs	go to state 78
    PROP	go to state 20
    PROP_NAME	go to state 21
    SETA_FUNC	go to state 22
    SETA_FUNC_PARAMs	go to state 23
    ATR 	go to state 79
    R   	go to state 25
    E   	go to state 47
    M   	go to state 27
    T   	go to state 28
    R_NUM	go to state 29
    F   	go to state 30
    ARRAY	go to state 31
    OBJ 	go to state 32
    B_VAZIO	go to state 33
    FUNCTION_RETURN	go to state 34



state 36

    ATR  ->  ID '=' . ATR   (rule 44)

    NUM 	shift, and go to state 1
    ID  	shift, and go to state 2
    STR 	shift, and go to state 4
    FUNCTION	shift, and go to state 45
    TRUE	shift, and go to state 10
    FALSE	shift, and go to state 11
    ABRE_PAR_SETA	shift, and go to state 12
    '(' 	shift, and go to state 13
    '{' 	shift, and go to state 14
    '[' 	shift, and go to state 15
    '-' 	shift, and go to state 16

    FUNC	go to state 19
    PROP	go to state 20
    PROP_NAME	go to state 21
    SETA_FUNC	go to state 22
    SETA_FUNC_PARAMs	go to state 23
    ATR 	go to state 80
    R   	go to state 25
    E   	go to state 47
    M   	go to state 27
    T   	go to state 28
    R_NUM	go to state 29
    F   	go to state 30
    ARRAY	go to state 31
    OBJ 	go to state 32
    B_VAZIO	go to state 33
    FUNCTION_RETURN	go to state 34



state 37

    DECLVAR  ->  ID . '=' ATR   (rule 25)
    DECLVAR  ->  ID .   (rule 26)

    '=' 	shift, and go to state 81

    $default	reduce using rule 26 (DECLVAR)



state 38

    CMD  ->  LET DECLVARs . ';'   (rule 5)

    ';' 	shift, and go to state 82



state 39

    DECLVARs  ->  DECLVAR . ',' DECLVARs   (rule 23)
    DECLVARs  ->  DECLVAR .   (rule 24)

    ',' 	shift, and go to state 83

    $default	reduce using rule 24 (DECLVARs)



state 40

    CMD  ->  IF '(' . R ')' B C   (rule 6)

    NUM 	shift, and go to state 1
    ID  	shift, and go to state 84
    STR 	shift, and go to state 4
    TRUE	shift, and go to state 10
    FALSE	shift, and go to state 11
    '(' 	shift, and go to state 85
    '{' 	shift, and go to state 14
    '[' 	shift, and go to state 15
    '-' 	shift, and go to state 16

    FUNC	go to state 19
    PROP	go to state 86
    PROP_NAME	go to state 21
    R   	go to state 87
    E   	go to state 47
    M   	go to state 27
    T   	go to state 28
    R_NUM	go to state 29
    F   	go to state 30
    ARRAY	go to state 31
    OBJ 	go to state 32
    B_VAZIO	go to state 33



state 41

    CMD  ->  WHILE '(' . R ')' B   (rule 7)

    NUM 	shift, and go to state 1
    ID  	shift, and go to state 84
    STR 	shift, and go to state 4
    TRUE	shift, and go to state 10
    FALSE	shift, and go to state 11
    '(' 	shift, and go to state 85
    '{' 	shift, and go to state 14
    '[' 	shift, and go to state 15
    '-' 	shift, and go to state 16

    FUNC	go to state 19
    PROP	go to state 86
    PROP_NAME	go to state 21
    R   	go to state 88
    E   	go to state 47
    M   	go to state 27
    T   	go to state 28
    R_NUM	go to state 29
    F   	go to state 30
    ARRAY	go to state 31
    OBJ 	go to state 32
    B_VAZIO	go to state 33



state 42

    CMD  ->  FOR '(' . CMD R ';' ATR ')' B   (rule 8)

    NUM 	shift, and go to state 1
    ID  	shift, and go to state 2
    LET 	shift, and go to state 3
    STR 	shift, and go to state 4
    IF  	shift, and go to state 5
    WHILE	shift, and go to state 6
    FOR 	shift, and go to state 7
    FUNCTION	shift, and go to state 8
    RETURN	shift, and go to state 9
    TRUE	shift, and go to state 10
    FALSE	shift, and go to state 11
    ABRE_PAR_SETA	shift, and go to state 12
    '(' 	shift, and go to state 13
    '{' 	shift, and go to state 14
    '[' 	shift, and go to state 15
    '-' 	shift, and go to state 16

    CMD 	go to state 89
    FUNC	go to state 19
    PROP	go to state 20
    PROP_NAME	go to state 21
    SETA_FUNC	go to state 22
    SETA_FUNC_PARAMs	go to state 23
    ATR 	go to state 24
    R   	go to state 25
    E   	go to state 26
    M   	go to state 27
    T   	go to state 28
    R_NUM	go to state 29
    F   	go to state 30
    ARRAY	go to state 31
    OBJ 	go to state 32
    B_VAZIO	go to state 33
    FUNCTION_RETURN	go to state 34



state 43

    CMD  ->  FUNCTION ID . '(' FUNC_DECL_PARAMs ')' B   (rule 10)

    '(' 	shift, and go to state 90



state 44

    FUNCTION_RETURN  ->  FUNCTION '(' . FUNC_DECL_PARAMs ')' B   (rule 85)

    ID  	shift, and go to state 91

    $default	reduce using rule 16 (FUNC_DECL_PARAMs)

    FUNC_DECL_PARAMs	go to state 92



state 45

    FUNCTION_RETURN  ->  FUNCTION . '(' FUNC_DECL_PARAMs ')' B   (rule 85)

    '(' 	shift, and go to state 44



state 46

    CMD  ->  RETURN ATR . ';'   (rule 11)

    ';' 	shift, and go to state 93



state 47

    R  ->  E . '<' E   (rule 49)
    R  ->  E . '>' E   (rule 50)
    R  ->  E . MAIG E   (rule 51)
    R  ->  E . MEIG E   (rule 52)
    R  ->  E . IG E   (rule 53)
    R  ->  E . DIF E   (rule 54)
    R  ->  E .   (rule 55)
    E  ->  E . '+' M   (rule 56)
    E  ->  E . '-' M   (rule 57)

    MAIG	shift, and go to state 66
    MEIG	shift, and go to state 67
    IG  	shift, and go to state 68
    DIF 	shift, and go to state 69
    '<' 	shift, and go to state 71
    '>' 	shift, and go to state 72
    '+' 	shift, and go to state 73
    '-' 	shift, and go to state 74

    $default	reduce using rule 55 (R)



state 48

    SETA_PARAMs  ->  ID .   (rule 41)

    $default	reduce using rule 41 (SETA_PARAMs)



state 49

    SETA_FUNC_PARAMs  ->  ABRE_PAR_SETA SETA_PARAMs . ')'   (rule 37)
    SETA_PARAMs  ->  SETA_PARAMs . ',' ID   (rule 40)

    ',' 	shift, and go to state 94
    ')' 	shift, and go to state 95



state 50

    SETA_FUNC_PARAMs  ->  '(' ')' .   (rule 39)

    $default	reduce using rule 39 (SETA_FUNC_PARAMs)



state 51

    F  ->  '(' ATR . ')'   (rule 71)

    ')' 	shift, and go to state 96



state 52

    OBJ_DECL  ->  ID . ':' ATR   (rule 83)

    ':' 	shift, and go to state 97



state 53

    B_VAZIO  ->  '{' '}' .   (rule 84)

    $default	reduce using rule 84 (B_VAZIO)



state 54

    OBJ  ->  '{' OBJ_DECL . '}'   (rule 81)
    OBJ_DECL  ->  OBJ_DECL . ',' ID ':' ATR   (rule 82)

    ',' 	shift, and go to state 98
    '}' 	shift, and go to state 99



state 55

    F  ->  '[' ']' .   (rule 73)

    $default	reduce using rule 73 (F)



state 56

    ARRAY_N  ->  ATR .   (rule 80)

    $default	reduce using rule 80 (ARRAY_N)



state 57

    ARRAY  ->  '[' ARRAY_N . ']'   (rule 78)
    ARRAY_N  ->  ARRAY_N . ',' ATR   (rule 79)

    ',' 	shift, and go to state 100
    ']' 	shift, and go to state 101



state 58

    R_NUM  ->  '-' NUM .   (rule 64)

    $default	reduce using rule 64 (R_NUM)



state 59

    CMDs  ->  CMD CMDs .   (rule 2)

    $default	reduce using rule 2 (CMDs)



state 60

    FUNC  ->  PROP '(' . FUNC_PARAMs ')'   (rule 28)

    NUM 	shift, and go to state 1
    ID  	shift, and go to state 2
    STR 	shift, and go to state 4
    FUNCTION	shift, and go to state 45
    TRUE	shift, and go to state 10
    FALSE	shift, and go to state 11
    ABRE_PAR_SETA	shift, and go to state 12
    '(' 	shift, and go to state 13
    '{' 	shift, and go to state 14
    '[' 	shift, and go to state 15
    '-' 	shift, and go to state 16

    $default	reduce using rule 31 (FUNC_PARAMs)

    FUNC	go to state 19
    FUNC_PARAMs	go to state 102
    PROP	go to state 20
    PROP_NAME	go to state 21
    SETA_FUNC	go to state 22
    SETA_FUNC_PARAMs	go to state 23
    ATR 	go to state 79
    R   	go to state 25
    E   	go to state 47
    M   	go to state 27
    T   	go to state 28
    R_NUM	go to state 29
    F   	go to state 30
    ARRAY	go to state 31
    OBJ 	go to state 32
    B_VAZIO	go to state 33
    FUNCTION_RETURN	go to state 34



state 61

    ATR  ->  PROP '=' . ATR   (rule 45)

    NUM 	shift, and go to state 1
    ID  	shift, and go to state 2
    STR 	shift, and go to state 4
    FUNCTION	shift, and go to state 45
    TRUE	shift, and go to state 10
    FALSE	shift, and go to state 11
    ABRE_PAR_SETA	shift, and go to state 12
    '(' 	shift, and go to state 13
    '{' 	shift, and go to state 14
    '[' 	shift, and go to state 15
    '-' 	shift, and go to state 16

    FUNC	go to state 19
    PROP	go to state 20
    PROP_NAME	go to state 21
    SETA_FUNC	go to state 22
    SETA_FUNC_PARAMs	go to state 23
    ATR 	go to state 103
    R   	go to state 25
    E   	go to state 47
    M   	go to state 27
    T   	go to state 28
    R_NUM	go to state 29
    F   	go to state 30
    ARRAY	go to state 31
    OBJ 	go to state 32
    B_VAZIO	go to state 33
    FUNCTION_RETURN	go to state 34



state 62

    PROP  ->  PROP_NAME '[' . ATR ']'   (rule 32)

    NUM 	shift, and go to state 1
    ID  	shift, and go to state 2
    STR 	shift, and go to state 4
    FUNCTION	shift, and go to state 45
    TRUE	shift, and go to state 10
    FALSE	shift, and go to state 11
    ABRE_PAR_SETA	shift, and go to state 12
    '(' 	shift, and go to state 13
    '{' 	shift, and go to state 14
    '[' 	shift, and go to state 15
    '-' 	shift, and go to state 16

    FUNC	go to state 19
    PROP	go to state 20
    PROP_NAME	go to state 21
    SETA_FUNC	go to state 22
    SETA_FUNC_PARAMs	go to state 23
    ATR 	go to state 104
    R   	go to state 25
    E   	go to state 47
    M   	go to state 27
    T   	go to state 28
    R_NUM	go to state 29
    F   	go to state 30
    ARRAY	go to state 31
    OBJ 	go to state 32
    B_VAZIO	go to state 33
    FUNCTION_RETURN	go to state 34



state 63

    PROP  ->  PROP_NAME '.' . ID   (rule 33)

    ID  	shift, and go to state 105



state 64

    SETA_FUNC  ->  SETA_FUNC_PARAMs SETA . B_SETA   (rule 36)

    NUM 	shift, and go to state 1
    ID  	shift, and go to state 2
    STR 	shift, and go to state 4
    FUNCTION	shift, and go to state 45
    TRUE	shift, and go to state 10
    FALSE	shift, and go to state 11
    ABRE_PAR_SETA	shift, and go to state 12
    '(' 	shift, and go to state 13
    '{' 	shift, and go to state 106
    '[' 	shift, and go to state 15
    '-' 	shift, and go to state 16

    FUNC	go to state 19
    PROP	go to state 20
    PROP_NAME	go to state 21
    SETA_FUNC	go to state 22
    SETA_FUNC_PARAMs	go to state 23
    B_SETA	go to state 107
    ATR 	go to state 108
    R   	go to state 25
    E   	go to state 47
    M   	go to state 27
    T   	go to state 28
    R_NUM	go to state 29
    F   	go to state 30
    ARRAY	go to state 31
    OBJ 	go to state 32
    B_VAZIO	go to state 33
    FUNCTION_RETURN	go to state 34



state 65

    CMD  ->  ATR ';' .   (rule 4)

    $default	reduce using rule 4 (CMD)



state 66

    R  ->  E MAIG . E   (rule 51)

    NUM 	shift, and go to state 1
    ID  	shift, and go to state 84
    STR 	shift, and go to state 4
    TRUE	shift, and go to state 10
    FALSE	shift, and go to state 11
    '(' 	shift, and go to state 85
    '{' 	shift, and go to state 14
    '[' 	shift, and go to state 15
    '-' 	shift, and go to state 16

    FUNC	go to state 19
    PROP	go to state 86
    PROP_NAME	go to state 21
    E   	go to state 109
    M   	go to state 27
    T   	go to state 28
    R_NUM	go to state 29
    F   	go to state 30
    ARRAY	go to state 31
    OBJ 	go to state 32
    B_VAZIO	go to state 33



state 67

    R  ->  E MEIG . E   (rule 52)

    NUM 	shift, and go to state 1
    ID  	shift, and go to state 84
    STR 	shift, and go to state 4
    TRUE	shift, and go to state 10
    FALSE	shift, and go to state 11
    '(' 	shift, and go to state 85
    '{' 	shift, and go to state 14
    '[' 	shift, and go to state 15
    '-' 	shift, and go to state 16

    FUNC	go to state 19
    PROP	go to state 86
    PROP_NAME	go to state 21
    E   	go to state 110
    M   	go to state 27
    T   	go to state 28
    R_NUM	go to state 29
    F   	go to state 30
    ARRAY	go to state 31
    OBJ 	go to state 32
    B_VAZIO	go to state 33



state 68

    R  ->  E IG . E   (rule 53)

    NUM 	shift, and go to state 1
    ID  	shift, and go to state 84
    STR 	shift, and go to state 4
    TRUE	shift, and go to state 10
    FALSE	shift, and go to state 11
    '(' 	shift, and go to state 85
    '{' 	shift, and go to state 14
    '[' 	shift, and go to state 15
    '-' 	shift, and go to state 16

    FUNC	go to state 19
    PROP	go to state 86
    PROP_NAME	go to state 21
    E   	go to state 111
    M   	go to state 27
    T   	go to state 28
    R_NUM	go to state 29
    F   	go to state 30
    ARRAY	go to state 31
    OBJ 	go to state 32
    B_VAZIO	go to state 33



state 69

    R  ->  E DIF . E   (rule 54)

    NUM 	shift, and go to state 1
    ID  	shift, and go to state 84
    STR 	shift, and go to state 4
    TRUE	shift, and go to state 10
    FALSE	shift, and go to state 11
    '(' 	shift, and go to state 85
    '{' 	shift, and go to state 14
    '[' 	shift, and go to state 15
    '-' 	shift, and go to state 16

    FUNC	go to state 19
    PROP	go to state 86
    PROP_NAME	go to state 21
    E   	go to state 112
    M   	go to state 27
    T   	go to state 28
    R_NUM	go to state 29
    F   	go to state 30
    ARRAY	go to state 31
    OBJ 	go to state 32
    B_VAZIO	go to state 33



state 70

    CMD  ->  E ASM . ';'   (rule 9)

    ';' 	shift, and go to state 113



state 71

    R  ->  E '<' . E   (rule 49)

    NUM 	shift, and go to state 1
    ID  	shift, and go to state 84
    STR 	shift, and go to state 4
    TRUE	shift, and go to state 10
    FALSE	shift, and go to state 11
    '(' 	shift, and go to state 85
    '{' 	shift, and go to state 14
    '[' 	shift, and go to state 15
    '-' 	shift, and go to state 16

    FUNC	go to state 19
    PROP	go to state 86
    PROP_NAME	go to state 21
    E   	go to state 114
    M   	go to state 27
    T   	go to state 28
    R_NUM	go to state 29
    F   	go to state 30
    ARRAY	go to state 31
    OBJ 	go to state 32
    B_VAZIO	go to state 33



state 72

    R  ->  E '>' . E   (rule 50)

    NUM 	shift, and go to state 1
    ID  	shift, and go to state 84
    STR 	shift, and go to state 4
    TRUE	shift, and go to state 10
    FALSE	shift, and go to state 11
    '(' 	shift, and go to state 85
    '{' 	shift, and go to state 14
    '[' 	shift, and go to state 15
    '-' 	shift, and go to state 16

    FUNC	go to state 19
    PROP	go to state 86
    PROP_NAME	go to state 21
    E   	go to state 115
    M   	go to state 27
    T   	go to state 28
    R_NUM	go to state 29
    F   	go to state 30
    ARRAY	go to state 31
    OBJ 	go to state 32
    B_VAZIO	go to state 33



state 73

    E  ->  E '+' . M   (rule 56)

    NUM 	shift, and go to state 1
    ID  	shift, and go to state 84
    STR 	shift, and go to state 4
    TRUE	shift, and go to state 10
    FALSE	shift, and go to state 11
    '(' 	shift, and go to state 85
    '{' 	shift, and go to state 14
    '[' 	shift, and go to state 15
    '-' 	shift, and go to state 16

    FUNC	go to state 19
    PROP	go to state 86
    PROP_NAME	go to state 21
    M   	go to state 116
    T   	go to state 28
    R_NUM	go to state 29
    F   	go to state 30
    ARRAY	go to state 31
    OBJ 	go to state 32
    B_VAZIO	go to state 33



state 74

    E  ->  E '-' . M   (rule 57)

    NUM 	shift, and go to state 1
    ID  	shift, and go to state 84
    STR 	shift, and go to state 4
    TRUE	shift, and go to state 10
    FALSE	shift, and go to state 11
    '(' 	shift, and go to state 85
    '{' 	shift, and go to state 14
    '[' 	shift, and go to state 15
    '-' 	shift, and go to state 16

    FUNC	go to state 19
    PROP	go to state 86
    PROP_NAME	go to state 21
    M   	go to state 117
    T   	go to state 28
    R_NUM	go to state 29
    F   	go to state 30
    ARRAY	go to state 31
    OBJ 	go to state 32
    B_VAZIO	go to state 33



state 75

    M  ->  M '%' . T   (rule 59)

    NUM 	shift, and go to state 1
    ID  	shift, and go to state 84
    STR 	shift, and go to state 4
    TRUE	shift, and go to state 10
    FALSE	shift, and go to state 11
    '(' 	shift, and go to state 85
    '{' 	shift, and go to state 14
    '[' 	shift, and go to state 15
    '-' 	shift, and go to state 16

    FUNC	go to state 19
    PROP	go to state 86
    PROP_NAME	go to state 21
    T   	go to state 118
    R_NUM	go to state 29
    F   	go to state 30
    ARRAY	go to state 31
    OBJ 	go to state 32
    B_VAZIO	go to state 33



state 76

    T  ->  T '*' . F   (rule 61)

    NUM 	shift, and go to state 1
    ID  	shift, and go to state 84
    STR 	shift, and go to state 4
    TRUE	shift, and go to state 10
    FALSE	shift, and go to state 11
    '(' 	shift, and go to state 85
    '{' 	shift, and go to state 14
    '[' 	shift, and go to state 15
    '-' 	shift, and go to state 16

    FUNC	go to state 19
    PROP	go to state 86
    PROP_NAME	go to state 21
    R_NUM	go to state 29
    F   	go to state 119
    ARRAY	go to state 31
    OBJ 	go to state 32
    B_VAZIO	go to state 33



state 77

    T  ->  T '/' . F   (rule 62)

    NUM 	shift, and go to state 1
    ID  	shift, and go to state 84
    STR 	shift, and go to state 4
    TRUE	shift, and go to state 10
    FALSE	shift, and go to state 11
    '(' 	shift, and go to state 85
    '{' 	shift, and go to state 14
    '[' 	shift, and go to state 15
    '-' 	shift, and go to state 16

    FUNC	go to state 19
    PROP	go to state 86
    PROP_NAME	go to state 21
    R_NUM	go to state 29
    F   	go to state 120
    ARRAY	go to state 31
    OBJ 	go to state 32
    B_VAZIO	go to state 33



state 78

    FUNC  ->  ID '(' FUNC_PARAMs . ')'   (rule 27)

    ')' 	shift, and go to state 121



state 79

    FUNC_PARAMs  ->  ATR . ',' FUNC_PARAMs   (rule 29)
    FUNC_PARAMs  ->  ATR .   (rule 30)

    ',' 	shift, and go to state 122

    $default	reduce using rule 30 (FUNC_PARAMs)



state 80

    ATR  ->  ID '=' ATR .   (rule 44)

    $default	reduce using rule 44 (ATR)



state 81

    DECLVAR  ->  ID '=' . ATR   (rule 25)

    NUM 	shift, and go to state 1
    ID  	shift, and go to state 2
    STR 	shift, and go to state 4
    FUNCTION	shift, and go to state 45
    TRUE	shift, and go to state 10
    FALSE	shift, and go to state 11
    ABRE_PAR_SETA	shift, and go to state 12
    '(' 	shift, and go to state 13
    '{' 	shift, and go to state 14
    '[' 	shift, and go to state 15
    '-' 	shift, and go to state 16

    FUNC	go to state 19
    PROP	go to state 20
    PROP_NAME	go to state 21
    SETA_FUNC	go to state 22
    SETA_FUNC_PARAMs	go to state 23
    ATR 	go to state 123
    R   	go to state 25
    E   	go to state 47
    M   	go to state 27
    T   	go to state 28
    R_NUM	go to state 29
    F   	go to state 30
    ARRAY	go to state 31
    OBJ 	go to state 32
    B_VAZIO	go to state 33
    FUNCTION_RETURN	go to state 34



state 82

    CMD  ->  LET DECLVARs ';' .   (rule 5)

    $default	reduce using rule 5 (CMD)



state 83

    DECLVARs  ->  DECLVAR ',' . DECLVARs   (rule 23)

    ID  	shift, and go to state 37

    DECLVARs	go to state 124
    DECLVAR	go to state 39



state 84

    FUNC  ->  ID . '(' FUNC_PARAMs ')'   (rule 27)
    PROP_NAME  ->  ID .   (rule 34)
    F  ->  ID .   (rule 66)

    '(' 	shift, and go to state 35

    '[' 	reduce using rule 34 (PROP_NAME)
    $default	reduce using rule 66 (F)



state 85

    F  ->  '(' . ATR ')'   (rule 71)

    NUM 	shift, and go to state 1
    ID  	shift, and go to state 2
    STR 	shift, and go to state 4
    FUNCTION	shift, and go to state 45
    TRUE	shift, and go to state 10
    FALSE	shift, and go to state 11
    ABRE_PAR_SETA	shift, and go to state 12
    '(' 	shift, and go to state 13
    '{' 	shift, and go to state 14
    '[' 	shift, and go to state 15
    '-' 	shift, and go to state 16

    FUNC	go to state 19
    PROP	go to state 20
    PROP_NAME	go to state 21
    SETA_FUNC	go to state 22
    SETA_FUNC_PARAMs	go to state 23
    ATR 	go to state 51
    R   	go to state 25
    E   	go to state 47
    M   	go to state 27
    T   	go to state 28
    R_NUM	go to state 29
    F   	go to state 30
    ARRAY	go to state 31
    OBJ 	go to state 32
    B_VAZIO	go to state 33
    FUNCTION_RETURN	go to state 34



state 86

    FUNC  ->  PROP . '(' FUNC_PARAMs ')'   (rule 28)
    PROP_NAME  ->  PROP .   (rule 35)
    F  ->  PROP .   (rule 67)

    '(' 	shift, and go to state 60

    '[' 	reduce using rule 35 (PROP_NAME)
    $default	reduce using rule 67 (F)



state 87

    CMD  ->  IF '(' R . ')' B C   (rule 6)

    ')' 	shift, and go to state 125



state 88

    CMD  ->  WHILE '(' R . ')' B   (rule 7)

    ')' 	shift, and go to state 126



state 89

    CMD  ->  FOR '(' CMD . R ';' ATR ')' B   (rule 8)

    NUM 	shift, and go to state 1
    ID  	shift, and go to state 84
    STR 	shift, and go to state 4
    TRUE	shift, and go to state 10
    FALSE	shift, and go to state 11
    '(' 	shift, and go to state 85
    '{' 	shift, and go to state 14
    '[' 	shift, and go to state 15
    '-' 	shift, and go to state 16

    FUNC	go to state 19
    PROP	go to state 86
    PROP_NAME	go to state 21
    R   	go to state 127
    E   	go to state 47
    M   	go to state 27
    T   	go to state 28
    R_NUM	go to state 29
    F   	go to state 30
    ARRAY	go to state 31
    OBJ 	go to state 32
    B_VAZIO	go to state 33



state 90

    CMD  ->  FUNCTION ID '(' . FUNC_DECL_PARAMs ')' B   (rule 10)

    ID  	shift, and go to state 91

    $default	reduce using rule 16 (FUNC_DECL_PARAMs)

    FUNC_DECL_PARAMs	go to state 128



state 91

    FUNC_DECL_PARAMs  ->  ID . ',' FUNC_DECL_PARAMs   (rule 12)
    FUNC_DECL_PARAMs  ->  ID .   (rule 13)
    FUNC_DECL_PARAMs  ->  ID . '=' ATR   (rule 14)
    FUNC_DECL_PARAMs  ->  ID . '=' ATR ',' FUNC_DECL_PARAMs   (rule 15)

    ',' 	shift, and go to state 129
    '=' 	shift, and go to state 130

    $default	reduce using rule 13 (FUNC_DECL_PARAMs)



state 92

    FUNCTION_RETURN  ->  FUNCTION '(' FUNC_DECL_PARAMs . ')' B   (rule 85)

    ')' 	shift, and go to state 131



state 93

    CMD  ->  RETURN ATR ';' .   (rule 11)

    $default	reduce using rule 11 (CMD)



state 94

    SETA_PARAMs  ->  SETA_PARAMs ',' . ID   (rule 40)

    ID  	shift, and go to state 132



state 95

    SETA_FUNC_PARAMs  ->  ABRE_PAR_SETA SETA_PARAMs ')' .   (rule 37)

    $default	reduce using rule 37 (SETA_FUNC_PARAMs)



state 96

    F  ->  '(' ATR ')' .   (rule 71)

    $default	reduce using rule 71 (F)



state 97

    OBJ_DECL  ->  ID ':' . ATR   (rule 83)

    NUM 	shift, and go to state 1
    ID  	shift, and go to state 2
    STR 	shift, and go to state 4
    FUNCTION	shift, and go to state 45
    TRUE	shift, and go to state 10
    FALSE	shift, and go to state 11
    ABRE_PAR_SETA	shift, and go to state 12
    '(' 	shift, and go to state 13
    '{' 	shift, and go to state 14
    '[' 	shift, and go to state 15
    '-' 	shift, and go to state 16

    FUNC	go to state 19
    PROP	go to state 20
    PROP_NAME	go to state 21
    SETA_FUNC	go to state 22
    SETA_FUNC_PARAMs	go to state 23
    ATR 	go to state 133
    R   	go to state 25
    E   	go to state 47
    M   	go to state 27
    T   	go to state 28
    R_NUM	go to state 29
    F   	go to state 30
    ARRAY	go to state 31
    OBJ 	go to state 32
    B_VAZIO	go to state 33
    FUNCTION_RETURN	go to state 34



state 98

    OBJ_DECL  ->  OBJ_DECL ',' . ID ':' ATR   (rule 82)

    ID  	shift, and go to state 134



state 99

    OBJ  ->  '{' OBJ_DECL '}' .   (rule 81)

    $default	reduce using rule 81 (OBJ)



state 100

    ARRAY_N  ->  ARRAY_N ',' . ATR   (rule 79)

    NUM 	shift, and go to state 1
    ID  	shift, and go to state 2
    STR 	shift, and go to state 4
    FUNCTION	shift, and go to state 45
    TRUE	shift, and go to state 10
    FALSE	shift, and go to state 11
    ABRE_PAR_SETA	shift, and go to state 12
    '(' 	shift, and go to state 13
    '{' 	shift, and go to state 14
    '[' 	shift, and go to state 15
    '-' 	shift, and go to state 16

    FUNC	go to state 19
    PROP	go to state 20
    PROP_NAME	go to state 21
    SETA_FUNC	go to state 22
    SETA_FUNC_PARAMs	go to state 23
    ATR 	go to state 135
    R   	go to state 25
    E   	go to state 47
    M   	go to state 27
    T   	go to state 28
    R_NUM	go to state 29
    F   	go to state 30
    ARRAY	go to state 31
    OBJ 	go to state 32
    B_VAZIO	go to state 33
    FUNCTION_RETURN	go to state 34



state 101

    ARRAY  ->  '[' ARRAY_N ']' .   (rule 78)

    $default	reduce using rule 78 (ARRAY)



state 102

    FUNC  ->  PROP '(' FUNC_PARAMs . ')'   (rule 28)

    ')' 	shift, and go to state 136



state 103

    ATR  ->  PROP '=' ATR .   (rule 45)

    $default	reduce using rule 45 (ATR)



state 104

    PROP  ->  PROP_NAME '[' ATR . ']'   (rule 32)

    ']' 	shift, and go to state 137



state 105

    PROP  ->  PROP_NAME '.' ID .   (rule 33)

    $default	reduce using rule 33 (PROP)



state 106

    B_SETA  ->  '{' . CMDs '}'   (rule 42)
    OBJ  ->  '{' . OBJ_DECL '}'   (rule 81)
    B_VAZIO  ->  '{' . '}'   (rule 84)

    NUM 	shift, and go to state 1
    ID  	shift, and go to state 138
    LET 	shift, and go to state 3
    STR 	shift, and go to state 4
    IF  	shift, and go to state 5
    WHILE	shift, and go to state 6
    FOR 	shift, and go to state 7
    FUNCTION	shift, and go to state 8
    RETURN	shift, and go to state 9
    TRUE	shift, and go to state 10
    FALSE	shift, and go to state 11
    ABRE_PAR_SETA	shift, and go to state 12
    '(' 	shift, and go to state 13
    '{' 	shift, and go to state 14
    '}' 	shift, and go to state 53
    '[' 	shift, and go to state 15
    '-' 	shift, and go to state 16

    '}' 	[reduce using rule 3 (CMDs)]
    $default	reduce using rule 3 (CMDs)

    CMDs	go to state 139
    CMD 	go to state 18
    FUNC	go to state 19
    PROP	go to state 20
    PROP_NAME	go to state 21
    SETA_FUNC	go to state 22
    SETA_FUNC_PARAMs	go to state 23
    ATR 	go to state 24
    R   	go to state 25
    E   	go to state 26
    M   	go to state 27
    T   	go to state 28
    R_NUM	go to state 29
    F   	go to state 30
    ARRAY	go to state 31
    OBJ 	go to state 32
    OBJ_DECL	go to state 54
    B_VAZIO	go to state 33
    FUNCTION_RETURN	go to state 34



state 107

    SETA_FUNC  ->  SETA_FUNC_PARAMs SETA B_SETA .   (rule 36)

    $default	reduce using rule 36 (SETA_FUNC)



state 108

    B_SETA  ->  ATR .   (rule 43)

    $default	reduce using rule 43 (B_SETA)



state 109

    R  ->  E MAIG E .   (rule 51)
    E  ->  E . '+' M   (rule 56)
    E  ->  E . '-' M   (rule 57)

    '+' 	shift, and go to state 73
    '-' 	shift, and go to state 74

    $default	reduce using rule 51 (R)



state 110

    R  ->  E MEIG E .   (rule 52)
    E  ->  E . '+' M   (rule 56)
    E  ->  E . '-' M   (rule 57)

    '+' 	shift, and go to state 73
    '-' 	shift, and go to state 74

    $default	reduce using rule 52 (R)



state 111

    R  ->  E IG E .   (rule 53)
    E  ->  E . '+' M   (rule 56)
    E  ->  E . '-' M   (rule 57)

    '+' 	shift, and go to state 73
    '-' 	shift, and go to state 74

    $default	reduce using rule 53 (R)



state 112

    R  ->  E DIF E .   (rule 54)
    E  ->  E . '+' M   (rule 56)
    E  ->  E . '-' M   (rule 57)

    '+' 	shift, and go to state 73
    '-' 	shift, and go to state 74

    $default	reduce using rule 54 (R)



state 113

    CMD  ->  E ASM ';' .   (rule 9)

    $default	reduce using rule 9 (CMD)



state 114

    R  ->  E '<' E .   (rule 49)
    E  ->  E . '+' M   (rule 56)
    E  ->  E . '-' M   (rule 57)

    '+' 	shift, and go to state 73
    '-' 	shift, and go to state 74

    $default	reduce using rule 49 (R)



state 115

    R  ->  E '>' E .   (rule 50)
    E  ->  E . '+' M   (rule 56)
    E  ->  E . '-' M   (rule 57)

    '+' 	shift, and go to state 73
    '-' 	shift, and go to state 74

    $default	reduce using rule 50 (R)



state 116

    E  ->  E '+' M .   (rule 56)
    M  ->  M . '%' T   (rule 59)

    '%' 	shift, and go to state 75

    $default	reduce using rule 56 (E)



state 117

    E  ->  E '-' M .   (rule 57)
    M  ->  M . '%' T   (rule 59)

    '%' 	shift, and go to state 75

    $default	reduce using rule 57 (E)



state 118

    M  ->  M '%' T .   (rule 59)
    T  ->  T . '*' F   (rule 61)
    T  ->  T . '/' F   (rule 62)

    '*' 	shift, and go to state 76
    '/' 	shift, and go to state 77

    $default	reduce using rule 59 (M)



state 119

    T  ->  T '*' F .   (rule 61)

    $default	reduce using rule 61 (T)



state 120

    T  ->  T '/' F .   (rule 62)

    $default	reduce using rule 62 (T)



state 121

    FUNC  ->  ID '(' FUNC_PARAMs ')' .   (rule 27)

    $default	reduce using rule 27 (FUNC)



state 122

    FUNC_PARAMs  ->  ATR ',' . FUNC_PARAMs   (rule 29)

    NUM 	shift, and go to state 1
    ID  	shift, and go to state 2
    STR 	shift, and go to state 4
    FUNCTION	shift, and go to state 45
    TRUE	shift, and go to state 10
    FALSE	shift, and go to state 11
    ABRE_PAR_SETA	shift, and go to state 12
    '(' 	shift, and go to state 13
    '{' 	shift, and go to state 14
    '[' 	shift, and go to state 15
    '-' 	shift, and go to state 16

    $default	reduce using rule 31 (FUNC_PARAMs)

    FUNC	go to state 19
    FUNC_PARAMs	go to state 140
    PROP	go to state 20
    PROP_NAME	go to state 21
    SETA_FUNC	go to state 22
    SETA_FUNC_PARAMs	go to state 23
    ATR 	go to state 79
    R   	go to state 25
    E   	go to state 47
    M   	go to state 27
    T   	go to state 28
    R_NUM	go to state 29
    F   	go to state 30
    ARRAY	go to state 31
    OBJ 	go to state 32
    B_VAZIO	go to state 33
    FUNCTION_RETURN	go to state 34



state 123

    DECLVAR  ->  ID '=' ATR .   (rule 25)

    $default	reduce using rule 25 (DECLVAR)



state 124

    DECLVARs  ->  DECLVAR ',' DECLVARs .   (rule 23)

    $default	reduce using rule 23 (DECLVARs)



state 125

    CMD  ->  IF '(' R ')' . B C   (rule 6)

    NUM 	shift, and go to state 1
    ID  	shift, and go to state 2
    LET 	shift, and go to state 3
    STR 	shift, and go to state 4
    IF  	shift, and go to state 5
    WHILE	shift, and go to state 6
    FOR 	shift, and go to state 7
    FUNCTION	shift, and go to state 8
    RETURN	shift, and go to state 9
    TRUE	shift, and go to state 10
    FALSE	shift, and go to state 11
    ABRE_PAR_SETA	shift, and go to state 12
    '(' 	shift, and go to state 13
    '{' 	shift, and go to state 141
    '[' 	shift, and go to state 15
    '-' 	shift, and go to state 16

    CMD 	go to state 142
    B   	go to state 143
    FUNC	go to state 19
    PROP	go to state 20
    PROP_NAME	go to state 21
    SETA_FUNC	go to state 22
    SETA_FUNC_PARAMs	go to state 23
    ATR 	go to state 24
    R   	go to state 25
    E   	go to state 26
    M   	go to state 27
    T   	go to state 28
    R_NUM	go to state 29
    F   	go to state 30
    ARRAY	go to state 31
    OBJ 	go to state 32
    B_VAZIO	go to state 144
    FUNCTION_RETURN	go to state 34



state 126

    CMD  ->  WHILE '(' R ')' . B   (rule 7)

    NUM 	shift, and go to state 1
    ID  	shift, and go to state 2
    LET 	shift, and go to state 3
    STR 	shift, and go to state 4
    IF  	shift, and go to state 5
    WHILE	shift, and go to state 6
    FOR 	shift, and go to state 7
    FUNCTION	shift, and go to state 8
    RETURN	shift, and go to state 9
    TRUE	shift, and go to state 10
    FALSE	shift, and go to state 11
    ABRE_PAR_SETA	shift, and go to state 12
    '(' 	shift, and go to state 13
    '{' 	shift, and go to state 141
    '[' 	shift, and go to state 15
    '-' 	shift, and go to state 16

    CMD 	go to state 142
    B   	go to state 145
    FUNC	go to state 19
    PROP	go to state 20
    PROP_NAME	go to state 21
    SETA_FUNC	go to state 22
    SETA_FUNC_PARAMs	go to state 23
    ATR 	go to state 24
    R   	go to state 25
    E   	go to state 26
    M   	go to state 27
    T   	go to state 28
    R_NUM	go to state 29
    F   	go to state 30
    ARRAY	go to state 31
    OBJ 	go to state 32
    B_VAZIO	go to state 144
    FUNCTION_RETURN	go to state 34



state 127

    CMD  ->  FOR '(' CMD R . ';' ATR ')' B   (rule 8)

    ';' 	shift, and go to state 146



state 128

    CMD  ->  FUNCTION ID '(' FUNC_DECL_PARAMs . ')' B   (rule 10)

    ')' 	shift, and go to state 147



state 129

    FUNC_DECL_PARAMs  ->  ID ',' . FUNC_DECL_PARAMs   (rule 12)

    ID  	shift, and go to state 91

    $default	reduce using rule 16 (FUNC_DECL_PARAMs)

    FUNC_DECL_PARAMs	go to state 148



state 130

    FUNC_DECL_PARAMs  ->  ID '=' . ATR   (rule 14)
    FUNC_DECL_PARAMs  ->  ID '=' . ATR ',' FUNC_DECL_PARAMs   (rule 15)

    NUM 	shift, and go to state 1
    ID  	shift, and go to state 2
    STR 	shift, and go to state 4
    FUNCTION	shift, and go to state 45
    TRUE	shift, and go to state 10
    FALSE	shift, and go to state 11
    ABRE_PAR_SETA	shift, and go to state 12
    '(' 	shift, and go to state 13
    '{' 	shift, and go to state 14
    '[' 	shift, and go to state 15
    '-' 	shift, and go to state 16

    FUNC	go to state 19
    PROP	go to state 20
    PROP_NAME	go to state 21
    SETA_FUNC	go to state 22
    SETA_FUNC_PARAMs	go to state 23
    ATR 	go to state 149
    R   	go to state 25
    E   	go to state 47
    M   	go to state 27
    T   	go to state 28
    R_NUM	go to state 29
    F   	go to state 30
    ARRAY	go to state 31
    OBJ 	go to state 32
    B_VAZIO	go to state 33
    FUNCTION_RETURN	go to state 34



state 131

    FUNCTION_RETURN  ->  FUNCTION '(' FUNC_DECL_PARAMs ')' . B   (rule 85)

    NUM 	shift, and go to state 1
    ID  	shift, and go to state 2
    LET 	shift, and go to state 3
    STR 	shift, and go to state 4
    IF  	shift, and go to state 5
    WHILE	shift, and go to state 6
    FOR 	shift, and go to state 7
    FUNCTION	shift, and go to state 8
    RETURN	shift, and go to state 9
    TRUE	shift, and go to state 10
    FALSE	shift, and go to state 11
    ABRE_PAR_SETA	shift, and go to state 12
    '(' 	shift, and go to state 13
    '{' 	shift, and go to state 141
    '[' 	shift, and go to state 15
    '-' 	shift, and go to state 16

    CMD 	go to state 142
    B   	go to state 150
    FUNC	go to state 19
    PROP	go to state 20
    PROP_NAME	go to state 21
    SETA_FUNC	go to state 22
    SETA_FUNC_PARAMs	go to state 23
    ATR 	go to state 24
    R   	go to state 25
    E   	go to state 26
    M   	go to state 27
    T   	go to state 28
    R_NUM	go to state 29
    F   	go to state 30
    ARRAY	go to state 31
    OBJ 	go to state 32
    B_VAZIO	go to state 144
    FUNCTION_RETURN	go to state 34



state 132

    SETA_PARAMs  ->  SETA_PARAMs ',' ID .   (rule 40)

    $default	reduce using rule 40 (SETA_PARAMs)



state 133

    OBJ_DECL  ->  ID ':' ATR .   (rule 83)

    $default	reduce using rule 83 (OBJ_DECL)



state 134

    OBJ_DECL  ->  OBJ_DECL ',' ID . ':' ATR   (rule 82)

    ':' 	shift, and go to state 151



state 135

    ARRAY_N  ->  ARRAY_N ',' ATR .   (rule 79)

    $default	reduce using rule 79 (ARRAY_N)



state 136

    FUNC  ->  PROP '(' FUNC_PARAMs ')' .   (rule 28)

    $default	reduce using rule 28 (FUNC)



state 137

    PROP  ->  PROP_NAME '[' ATR ']' .   (rule 32)

    $default	reduce using rule 32 (PROP)



state 138

    FUNC  ->  ID . '(' FUNC_PARAMs ')'   (rule 27)
    PROP_NAME  ->  ID .   (rule 34)
    SETA_FUNC_PARAMs  ->  ID .   (rule 38)
    ATR  ->  ID . '=' ATR   (rule 44)
    F  ->  ID .   (rule 66)
    OBJ_DECL  ->  ID . ':' ATR   (rule 83)

    '(' 	shift, and go to state 35
    '=' 	shift, and go to state 36
    ':' 	shift, and go to state 97

    SETA	reduce using rule 38 (SETA_FUNC_PARAMs)
    '[' 	reduce using rule 34 (PROP_NAME)
    $default	reduce using rule 66 (F)



state 139

    B_SETA  ->  '{' CMDs . '}'   (rule 42)

    '}' 	shift, and go to state 152



state 140

    FUNC_PARAMs  ->  ATR ',' FUNC_PARAMs .   (rule 29)

    $default	reduce using rule 29 (FUNC_PARAMs)



state 141

    B  ->  '{' . CMDs '}'   (rule 17)
    OBJ  ->  '{' . OBJ_DECL '}'   (rule 81)
    B_VAZIO  ->  '{' . '}'   (rule 84)

    NUM 	shift, and go to state 1
    ID  	shift, and go to state 138
    LET 	shift, and go to state 3
    STR 	shift, and go to state 4
    IF  	shift, and go to state 5
    WHILE	shift, and go to state 6
    FOR 	shift, and go to state 7
    FUNCTION	shift, and go to state 8
    RETURN	shift, and go to state 9
    TRUE	shift, and go to state 10
    FALSE	shift, and go to state 11
    ABRE_PAR_SETA	shift, and go to state 12
    '(' 	shift, and go to state 13
    '{' 	shift, and go to state 14
    '}' 	shift, and go to state 53
    '[' 	shift, and go to state 15
    '-' 	shift, and go to state 16

    '}' 	[reduce using rule 3 (CMDs)]
    $default	reduce using rule 3 (CMDs)

    CMDs	go to state 153
    CMD 	go to state 18
    FUNC	go to state 19
    PROP	go to state 20
    PROP_NAME	go to state 21
    SETA_FUNC	go to state 22
    SETA_FUNC_PARAMs	go to state 23
    ATR 	go to state 24
    R   	go to state 25
    E   	go to state 26
    M   	go to state 27
    T   	go to state 28
    R_NUM	go to state 29
    F   	go to state 30
    ARRAY	go to state 31
    OBJ 	go to state 32
    OBJ_DECL	go to state 54
    B_VAZIO	go to state 33
    FUNCTION_RETURN	go to state 34



state 142

    B  ->  CMD .   (rule 18)

    $default	reduce using rule 18 (B)



state 143

    CMD  ->  IF '(' R ')' B . C   (rule 6)

    ELSE	shift, and go to state 154
    ELSE_IF	shift, and go to state 155

    ELSE	[reduce using rule 22 (C)]
    ELSE_IF	[reduce using rule 22 (C)]
    $default	reduce using rule 22 (C)

    C   	go to state 156



state 144

    B  ->  B_VAZIO .   (rule 19)
    F  ->  B_VAZIO .   (rule 72)

    MAIG	reduce using rule 72 (F)
    MEIG	reduce using rule 72 (F)
    IG  	reduce using rule 72 (F)
    DIF 	reduce using rule 72 (F)
    ASM 	reduce using rule 72 (F)
    ';' 	reduce using rule 19 (B)
    ';' 	[reduce using rule 72 (F)]
    $default	reduce using rule 19 (B)



state 145

    CMD  ->  WHILE '(' R ')' B .   (rule 7)

    $default	reduce using rule 7 (CMD)



state 146

    CMD  ->  FOR '(' CMD R ';' . ATR ')' B   (rule 8)

    NUM 	shift, and go to state 1
    ID  	shift, and go to state 2
    STR 	shift, and go to state 4
    FUNCTION	shift, and go to state 45
    TRUE	shift, and go to state 10
    FALSE	shift, and go to state 11
    ABRE_PAR_SETA	shift, and go to state 12
    '(' 	shift, and go to state 13
    '{' 	shift, and go to state 14
    '[' 	shift, and go to state 15
    '-' 	shift, and go to state 16

    FUNC	go to state 19
    PROP	go to state 20
    PROP_NAME	go to state 21
    SETA_FUNC	go to state 22
    SETA_FUNC_PARAMs	go to state 23
    ATR 	go to state 157
    R   	go to state 25
    E   	go to state 47
    M   	go to state 27
    T   	go to state 28
    R_NUM	go to state 29
    F   	go to state 30
    ARRAY	go to state 31
    OBJ 	go to state 32
    B_VAZIO	go to state 33
    FUNCTION_RETURN	go to state 34



state 147

    CMD  ->  FUNCTION ID '(' FUNC_DECL_PARAMs ')' . B   (rule 10)

    NUM 	shift, and go to state 1
    ID  	shift, and go to state 2
    LET 	shift, and go to state 3
    STR 	shift, and go to state 4
    IF  	shift, and go to state 5
    WHILE	shift, and go to state 6
    FOR 	shift, and go to state 7
    FUNCTION	shift, and go to state 8
    RETURN	shift, and go to state 9
    TRUE	shift, and go to state 10
    FALSE	shift, and go to state 11
    ABRE_PAR_SETA	shift, and go to state 12
    '(' 	shift, and go to state 13
    '{' 	shift, and go to state 141
    '[' 	shift, and go to state 15
    '-' 	shift, and go to state 16

    CMD 	go to state 142
    B   	go to state 158
    FUNC	go to state 19
    PROP	go to state 20
    PROP_NAME	go to state 21
    SETA_FUNC	go to state 22
    SETA_FUNC_PARAMs	go to state 23
    ATR 	go to state 24
    R   	go to state 25
    E   	go to state 26
    M   	go to state 27
    T   	go to state 28
    R_NUM	go to state 29
    F   	go to state 30
    ARRAY	go to state 31
    OBJ 	go to state 32
    B_VAZIO	go to state 144
    FUNCTION_RETURN	go to state 34



state 148

    FUNC_DECL_PARAMs  ->  ID ',' FUNC_DECL_PARAMs .   (rule 12)

    $default	reduce using rule 12 (FUNC_DECL_PARAMs)



state 149

    FUNC_DECL_PARAMs  ->  ID '=' ATR .   (rule 14)
    FUNC_DECL_PARAMs  ->  ID '=' ATR . ',' FUNC_DECL_PARAMs   (rule 15)

    ',' 	shift, and go to state 159

    $default	reduce using rule 14 (FUNC_DECL_PARAMs)



state 150

    FUNCTION_RETURN  ->  FUNCTION '(' FUNC_DECL_PARAMs ')' B .   (rule 85)

    $default	reduce using rule 85 (FUNCTION_RETURN)



state 151

    OBJ_DECL  ->  OBJ_DECL ',' ID ':' . ATR   (rule 82)

    NUM 	shift, and go to state 1
    ID  	shift, and go to state 2
    STR 	shift, and go to state 4
    FUNCTION	shift, and go to state 45
    TRUE	shift, and go to state 10
    FALSE	shift, and go to state 11
    ABRE_PAR_SETA	shift, and go to state 12
    '(' 	shift, and go to state 13
    '{' 	shift, and go to state 14
    '[' 	shift, and go to state 15
    '-' 	shift, and go to state 16

    FUNC	go to state 19
    PROP	go to state 20
    PROP_NAME	go to state 21
    SETA_FUNC	go to state 22
    SETA_FUNC_PARAMs	go to state 23
    ATR 	go to state 160
    R   	go to state 25
    E   	go to state 47
    M   	go to state 27
    T   	go to state 28
    R_NUM	go to state 29
    F   	go to state 30
    ARRAY	go to state 31
    OBJ 	go to state 32
    B_VAZIO	go to state 33
    FUNCTION_RETURN	go to state 34



state 152

    B_SETA  ->  '{' CMDs '}' .   (rule 42)

    $default	reduce using rule 42 (B_SETA)



state 153

    B  ->  '{' CMDs . '}'   (rule 17)

    '}' 	shift, and go to state 161



state 154

    C  ->  ELSE . B   (rule 21)

    NUM 	shift, and go to state 1
    ID  	shift, and go to state 2
    LET 	shift, and go to state 3
    STR 	shift, and go to state 4
    IF  	shift, and go to state 5
    WHILE	shift, and go to state 6
    FOR 	shift, and go to state 7
    FUNCTION	shift, and go to state 8
    RETURN	shift, and go to state 9
    TRUE	shift, and go to state 10
    FALSE	shift, and go to state 11
    ABRE_PAR_SETA	shift, and go to state 12
    '(' 	shift, and go to state 13
    '{' 	shift, and go to state 141
    '[' 	shift, and go to state 15
    '-' 	shift, and go to state 16

    CMD 	go to state 142
    B   	go to state 162
    FUNC	go to state 19
    PROP	go to state 20
    PROP_NAME	go to state 21
    SETA_FUNC	go to state 22
    SETA_FUNC_PARAMs	go to state 23
    ATR 	go to state 24
    R   	go to state 25
    E   	go to state 26
    M   	go to state 27
    T   	go to state 28
    R_NUM	go to state 29
    F   	go to state 30
    ARRAY	go to state 31
    OBJ 	go to state 32
    B_VAZIO	go to state 144
    FUNCTION_RETURN	go to state 34



state 155

    C  ->  ELSE_IF . '(' R ')' B C   (rule 20)

    '(' 	shift, and go to state 163



state 156

    CMD  ->  IF '(' R ')' B C .   (rule 6)

    $default	reduce using rule 6 (CMD)



state 157

    CMD  ->  FOR '(' CMD R ';' ATR . ')' B   (rule 8)

    ')' 	shift, and go to state 164



state 158

    CMD  ->  FUNCTION ID '(' FUNC_DECL_PARAMs ')' B .   (rule 10)

    $default	reduce using rule 10 (CMD)



state 159

    FUNC_DECL_PARAMs  ->  ID '=' ATR ',' . FUNC_DECL_PARAMs   (rule 15)

    ID  	shift, and go to state 91

    $default	reduce using rule 16 (FUNC_DECL_PARAMs)

    FUNC_DECL_PARAMs	go to state 165



state 160

    OBJ_DECL  ->  OBJ_DECL ',' ID ':' ATR .   (rule 82)

    $default	reduce using rule 82 (OBJ_DECL)



state 161

    B  ->  '{' CMDs '}' .   (rule 17)

    $default	reduce using rule 17 (B)



state 162

    C  ->  ELSE B .   (rule 21)

    $default	reduce using rule 21 (C)



state 163

    C  ->  ELSE_IF '(' . R ')' B C   (rule 20)

    NUM 	shift, and go to state 1
    ID  	shift, and go to state 84
    STR 	shift, and go to state 4
    TRUE	shift, and go to state 10
    FALSE	shift, and go to state 11
    '(' 	shift, and go to state 85
    '{' 	shift, and go to state 14
    '[' 	shift, and go to state 15
    '-' 	shift, and go to state 16

    FUNC	go to state 19
    PROP	go to state 86
    PROP_NAME	go to state 21
    R   	go to state 166
    E   	go to state 47
    M   	go to state 27
    T   	go to state 28
    R_NUM	go to state 29
    F   	go to state 30
    ARRAY	go to state 31
    OBJ 	go to state 32
    B_VAZIO	go to state 33



state 164

    CMD  ->  FOR '(' CMD R ';' ATR ')' . B   (rule 8)

    NUM 	shift, and go to state 1
    ID  	shift, and go to state 2
    LET 	shift, and go to state 3
    STR 	shift, and go to state 4
    IF  	shift, and go to state 5
    WHILE	shift, and go to state 6
    FOR 	shift, and go to state 7
    FUNCTION	shift, and go to state 8
    RETURN	shift, and go to state 9
    TRUE	shift, and go to state 10
    FALSE	shift, and go to state 11
    ABRE_PAR_SETA	shift, and go to state 12
    '(' 	shift, and go to state 13
    '{' 	shift, and go to state 141
    '[' 	shift, and go to state 15
    '-' 	shift, and go to state 16

    CMD 	go to state 142
    B   	go to state 167
    FUNC	go to state 19
    PROP	go to state 20
    PROP_NAME	go to state 21
    SETA_FUNC	go to state 22
    SETA_FUNC_PARAMs	go to state 23
    ATR 	go to state 24
    R   	go to state 25
    E   	go to state 26
    M   	go to state 27
    T   	go to state 28
    R_NUM	go to state 29
    F   	go to state 30
    ARRAY	go to state 31
    OBJ 	go to state 32
    B_VAZIO	go to state 144
    FUNCTION_RETURN	go to state 34



state 165

    FUNC_DECL_PARAMs  ->  ID '=' ATR ',' FUNC_DECL_PARAMs .   (rule 15)

    $default	reduce using rule 15 (FUNC_DECL_PARAMs)



state 166

    C  ->  ELSE_IF '(' R . ')' B C   (rule 20)

    ')' 	shift, and go to state 168



state 167

    CMD  ->  FOR '(' CMD R ';' ATR ')' B .   (rule 8)

    $default	reduce using rule 8 (CMD)



state 168

    C  ->  ELSE_IF '(' R ')' . B C   (rule 20)

    NUM 	shift, and go to state 1
    ID  	shift, and go to state 2
    LET 	shift, and go to state 3
    STR 	shift, and go to state 4
    IF  	shift, and go to state 5
    WHILE	shift, and go to state 6
    FOR 	shift, and go to state 7
    FUNCTION	shift, and go to state 8
    RETURN	shift, and go to state 9
    TRUE	shift, and go to state 10
    FALSE	shift, and go to state 11
    ABRE_PAR_SETA	shift, and go to state 12
    '(' 	shift, and go to state 13
    '{' 	shift, and go to state 141
    '[' 	shift, and go to state 15
    '-' 	shift, and go to state 16

    CMD 	go to state 142
    B   	go to state 169
    FUNC	go to state 19
    PROP	go to state 20
    PROP_NAME	go to state 21
    SETA_FUNC	go to state 22
    SETA_FUNC_PARAMs	go to state 23
    ATR 	go to state 24
    R   	go to state 25
    E   	go to state 26
    M   	go to state 27
    T   	go to state 28
    R_NUM	go to state 29
    F   	go to state 30
    ARRAY	go to state 31
    OBJ 	go to state 32
    B_VAZIO	go to state 144
    FUNCTION_RETURN	go to state 34



state 169

    C  ->  ELSE_IF '(' R ')' B . C   (rule 20)

    ELSE	shift, and go to state 154
    ELSE_IF	shift, and go to state 155

    ELSE	[reduce using rule 22 (C)]
    ELSE_IF	[reduce using rule 22 (C)]
    $default	reduce using rule 22 (C)

    C   	go to state 170



state 170

    C  ->  ELSE_IF '(' R ')' B C .   (rule 20)

    $default	reduce using rule 20 (C)



state 171

    $   	go to state 172



state 172

    $   	go to state 173



state 173

    $default	accept
